<?xml version="1.0" encoding="UTF-8"?>
<testng-results ignored="0" total="4" passed="4" failed="0" skipped="0">
  <reporter-output>
  </reporter-output>
  <suite started-at="2022-10-29T08:37:01 PDT" name="demosuite" finished-at="2022-10-29T08:37:52 PDT" duration-ms="50363">
    <groups>
      <group name="cucumber">
        <method signature="AbstractTestNGCucumberTests.runScenario(io.cucumber.testng.PickleWrapper,io.cucumber.testng.FeatureWrapper)[pri:0, instance:project2.runners.basicRunner@6e0dec4a]" name="runScenario" class="io.cucumber.testng.AbstractTestNGCucumberTests"/>
      </group> <!-- cucumber -->
    </groups>
    <test started-at="2022-10-29T08:37:01 PDT" name="Smoke tests" finished-at="2022-10-29T08:37:52 PDT" duration-ms="50351">
      <class name="project2.runners.basicRunner">
        <test-method is-config="true" signature="setUpClass(org.testng.ITestContext)[pri:0, instance:project2.runners.basicRunner@6e0dec4a]" started-at="2022-10-29T08:37:01 PDT" name="setUpClass" finished-at="2022-10-29T08:37:01 PDT" duration-ms="103" status="PASS">
          <params>
            <param index="0">
              <value>
                <![CDATA[org.testng.TestRunner@31142d58]]>
              </value>
            </param>
          </params>
          <reporter-output>
          </reporter-output>
        </test-method> <!-- setUpClass -->
        <test-method is-config="true" signature="setUp()[pri:0, instance:project2.runners.basicRunner@6e0dec4a]" started-at="2022-10-29T08:37:01 PDT" name="setUp" finished-at="2022-10-29T08:37:03 PDT" duration-ms="1441" status="PASS">
          <reporter-output>
          </reporter-output>
        </test-method> <!-- setUp -->
        <test-method signature="runScenario(io.cucumber.testng.PickleWrapper,io.cucumber.testng.FeatureWrapper)[pri:0, instance:project2.runners.basicRunner@6e0dec4a]" started-at="2022-10-29T08:37:03 PDT" name="runScenario" description="Runs Cucumber Scenarios" data-provider="scenarios" finished-at="2022-10-29T08:37:16 PDT" duration-ms="13016" status="PASS">
          <params>
            <param index="0">
              <value>
                <![CDATA["Login Correct Username Wrong Password"]]>
              </value>
            </param>
            <param index="1">
              <value>
                <![CDATA["Login"]]>
              </value>
            </param>
          </params>
          <reporter-output>
          </reporter-output>
        </test-method> <!-- runScenario -->
        <test-method is-config="true" signature="tearDown()[pri:0, instance:project2.runners.basicRunner@6e0dec4a]" started-at="2022-10-29T08:37:16 PDT" name="tearDown" finished-at="2022-10-29T08:37:16 PDT" duration-ms="113" status="PASS">
          <reporter-output>
          </reporter-output>
        </test-method> <!-- tearDown -->
        <test-method is-config="true" signature="setUp()[pri:0, instance:project2.runners.basicRunner@6e0dec4a]" started-at="2022-10-29T08:37:16 PDT" name="setUp" finished-at="2022-10-29T08:37:17 PDT" duration-ms="858" status="PASS">
          <reporter-output>
          </reporter-output>
        </test-method> <!-- setUp -->
        <test-method signature="runScenario(io.cucumber.testng.PickleWrapper,io.cucumber.testng.FeatureWrapper)[pri:0, instance:project2.runners.basicRunner@6e0dec4a]" started-at="2022-10-29T08:37:17 PDT" name="runScenario" description="Runs Cucumber Scenarios" data-provider="scenarios" finished-at="2022-10-29T08:37:27 PDT" duration-ms="9957" status="PASS">
          <params>
            <param index="0">
              <value>
                <![CDATA["Login Wrong Username"]]>
              </value>
            </param>
            <param index="1">
              <value>
                <![CDATA["Login"]]>
              </value>
            </param>
          </params>
          <reporter-output>
          </reporter-output>
        </test-method> <!-- runScenario -->
        <test-method is-config="true" signature="tearDown()[pri:0, instance:project2.runners.basicRunner@6e0dec4a]" started-at="2022-10-29T08:37:27 PDT" name="tearDown" finished-at="2022-10-29T08:37:27 PDT" duration-ms="108" status="PASS">
          <reporter-output>
          </reporter-output>
        </test-method> <!-- tearDown -->
        <test-method is-config="true" signature="setUp()[pri:0, instance:project2.runners.basicRunner@6e0dec4a]" started-at="2022-10-29T08:37:27 PDT" name="setUp" finished-at="2022-10-29T08:37:28 PDT" duration-ms="812" status="PASS">
          <reporter-output>
          </reporter-output>
        </test-method> <!-- setUp -->
        <test-method signature="runScenario(io.cucumber.testng.PickleWrapper,io.cucumber.testng.FeatureWrapper)[pri:0, instance:project2.runners.basicRunner@6e0dec4a]" started-at="2022-10-29T08:37:28 PDT" name="runScenario" description="Runs Cucumber Scenarios" data-provider="scenarios" finished-at="2022-10-29T08:37:41 PDT" duration-ms="12927" status="PASS">
          <params>
            <param index="0">
              <value>
                <![CDATA["Login Correct Username Wrong Password"]]>
              </value>
            </param>
            <param index="1">
              <value>
                <![CDATA["Login"]]>
              </value>
            </param>
          </params>
          <reporter-output>
          </reporter-output>
        </test-method> <!-- runScenario -->
        <test-method is-config="true" signature="tearDown()[pri:0, instance:project2.runners.basicRunner@6e0dec4a]" started-at="2022-10-29T08:37:41 PDT" name="tearDown" finished-at="2022-10-29T08:37:41 PDT" duration-ms="111" status="PASS">
          <reporter-output>
          </reporter-output>
        </test-method> <!-- tearDown -->
        <test-method is-config="true" signature="setUp()[pri:0, instance:project2.runners.basicRunner@6e0dec4a]" started-at="2022-10-29T08:37:41 PDT" name="setUp" finished-at="2022-10-29T08:37:41 PDT" duration-ms="773" status="PASS">
          <reporter-output>
          </reporter-output>
        </test-method> <!-- setUp -->
        <test-method signature="runScenario(io.cucumber.testng.PickleWrapper,io.cucumber.testng.FeatureWrapper)[pri:0, instance:project2.runners.basicRunner@6e0dec4a]" started-at="2022-10-29T08:37:41 PDT" name="runScenario" description="Runs Cucumber Scenarios" data-provider="scenarios" finished-at="2022-10-29T08:37:51 PDT" duration-ms="9998" status="PASS">
          <params>
            <param index="0">
              <value>
                <![CDATA["Login Wrong Username"]]>
              </value>
            </param>
            <param index="1">
              <value>
                <![CDATA["Login"]]>
              </value>
            </param>
          </params>
          <reporter-output>
          </reporter-output>
        </test-method> <!-- runScenario -->
        <test-method is-config="true" signature="tearDown()[pri:0, instance:project2.runners.basicRunner@6e0dec4a]" started-at="2022-10-29T08:37:51 PDT" name="tearDown" finished-at="2022-10-29T08:37:52 PDT" duration-ms="116" status="PASS">
          <reporter-output>
          </reporter-output>
        </test-method> <!-- tearDown -->
        <test-method is-config="true" signature="tearDownClass()[pri:0, instance:project2.runners.basicRunner@6e0dec4a]" started-at="2022-10-29T08:37:52 PDT" name="tearDownClass" finished-at="2022-10-29T08:37:52 PDT" duration-ms="5" status="PASS">
          <reporter-output>
          </reporter-output>
        </test-method> <!-- tearDownClass -->
      </class> <!-- project2.runners.basicRunner -->
    </test> <!-- Smoke tests -->
    <test started-at="2022-10-29T08:37:52 PDT" name="Regression1" finished-at="2022-10-29T08:37:52 PDT" duration-ms="0">
    </test> <!-- Regression1 -->
  </suite> <!-- demosuite -->
</testng-results>
